<?xml version="1.0" encoding="UTF-8"?>
<!-- Generated by org.testng.reporters.JUnitReportReporter -->
<testsuite hostname="Dineshkumar" failures="0" tests="1" name="Testng.Testng.RegisterTest" time="7.695" errors="0" timestamp="2023-07-19T22:22:38 IST" skipped="0">
  <testcase classname="Testng.Testng.RegisterTest" name="registrationTest" time="7.695"/>
</testsuite> <!-- Testng.Testng.RegisterTest -->
