<?xml version="1.0" encoding="UTF-8"?>
<!-- Generated by org.testng.reporters.JUnitReportReporter -->
<testsuite hostname="Dineshkumar" failures="0" tests="1" name="Testng.Testng.LoginTest" time="1.441" errors="0" timestamp="2023-07-19T22:58:14 IST" skipped="0">
  <testcase classname="Testng.Testng.LoginTest" name="loginTest" time="1.441"/>
</testsuite> <!-- Testng.Testng.LoginTest -->
