<?xml version="1.0" encoding="UTF-8"?>
<!-- Generated by org.testng.reporters.JUnitReportReporter -->
<testsuite hostname="Dineshkumar" failures="0" tests="4" name="Testng.Testng.CombinedTests" time="21.551" errors="0" timestamp="2023-07-20T08:33:53 IST" skipped="0">
  <testcase classname="Testng.Testng.CombinedTests" name="addToCartTest" time="2.833"/>
  <testcase classname="Testng.Testng.CombinedTests" name="googleSearchTest" time="5.764"/>
  <testcase classname="Testng.Testng.CombinedTests" name="loginTest" time="2.026"/>
  <testcase classname="Testng.Testng.CombinedTests" name="registrationTest" time="10.928"/>
</testsuite> <!-- Testng.Testng.CombinedTests -->
