<?xml version="1.0" encoding="UTF-8"?>
<!-- Generated by org.testng.reporters.JUnitReportReporter -->
<testsuite hostname="Dineshkumar" failures="0" tests="1" name="Testng.Testng.AddtoCart" time="7.698" errors="0" timestamp="2023-07-19T22:29:42 IST" skipped="0">
  <testcase classname="Testng.Testng.AddtoCart" name="AddCartTest" time="7.698"/>
</testsuite> <!-- Testng.Testng.AddtoCart -->
