<?xml version="1.0" encoding="UTF-8"?>
<!-- Generated by org.testng.reporters.JUnitReportReporter -->
<testsuite hostname="Dineshkumar" failures="0" tests="1" name="Testng.Testng.GoogleSearchTest" time="10.794" errors="0" timestamp="2023-07-19T22:57:44 IST" skipped="0">
  <testcase classname="Testng.Testng.GoogleSearchTest" name="SearchTest" time="10.794"/>
</testsuite> <!-- Testng.Testng.GoogleSearchTest -->
